Log file open, 09/02/17 14:41:23
LogInit:Display: Running engine for game: VivaLaVidaGame
LogPlatformFile: Not using cached read wrapper
LogInit:Display: RandInit(-237444937) SRandInit(-237444937).
LogTaskGraph: Started task graph with 5 named threads and 8 total threads with 1 sets of task threads.
LogStats: Stats thread started at 0.127176
LogInit: Using libcurl 7.47.1
LogInit:  - built for x86_64-pc-win32
LogInit:  - supports SSL with OpenSSL/1.0.2g
LogInit:  - supports HTTP deflate (compression) using libz 1.2.8
LogInit:  - other features:
LogInit:      CURL_VERSION_SSL
LogInit:      CURL_VERSION_LIBZ
LogInit:      CURL_VERSION_IPV6
LogInit:      CURL_VERSION_ASYNCHDNS
LogInit:      CURL_VERSION_LARGEFILE
LogInit:      CURL_VERSION_IDN
LogInit:  CurlRequestOptions (configurable via config and command line):
LogInit:  - bVerifyPeer = false  - Libcurl will NOT verify peer certificate
LogInit:  - bUseHttpProxy = false  - Libcurl will NOT use HTTP proxy
LogInit:  - bDontReuseConnections = false  - Libcurl will reuse connections
LogInit:  - CertBundlePath = nullptr  - Libcurl will use whatever was configured at build time.
LogInit: Build: ++UE4+Release-4.16-CL-3561208
LogInit: Engine Version: 4.16.3-3561208+++UE4+Release-4.16
LogInit: Compatible Engine Version: 4.16.0-3452394+++UE4+Release-4.16
LogInit: Net CL: 3452394
LogDevObjectVersion: Number of dev versions registered: 16
LogDevObjectVersion:   Dev-Blueprints (B0D832E4-1F89-4F0D-ACCF-7EB736FD4AA2): 9
LogDevObjectVersion:   Dev-Build (E1C64328-A22C-4D53-A36C-8E866417BD8C): 0
LogDevObjectVersion:   Dev-Core (375EC13C-06E4-48FB-B500-84F0262A717E): 2
LogDevObjectVersion:   Dev-Editor (E4B068ED-F494-42E9-A231-DA0B2E46BB41): 17
LogDevObjectVersion:   Dev-Framework (CFFC743F-43B0-4480-9391-14DF171D2073): 23
LogDevObjectVersion:   Dev-Mobile (B02B49B5-BB20-44E9-A304-32B752E40360): 0
LogDevObjectVersion:   Dev-Networking (A4E4105C-59A1-49B5-A7C5-40C4547EDFEE): 0
LogDevObjectVersion:   Dev-Online (39C831C9-5AE6-47DC-9A44-9C173E1C8E7C): 0
LogDevObjectVersion:   Dev-Physics (78F01B33-EBEA-4F98-B9B4-84EACCB95AA2): 0
LogDevObjectVersion:   Dev-Platform (6631380F-2D4D-43E0-8009-CF276956A95A): 0
LogDevObjectVersion:   Dev-Rendering (12F88B9F-8875-4AFC-A67C-D90C383ABD29): 15
LogDevObjectVersion:   Dev-Sequencer (7B5AE74C-D270-4C10-A958-57980B212A5A): 4
LogDevObjectVersion:   Dev-VR (D7296918-1DD6-4BDD-9DE2-64A83CC13884): 0
LogDevObjectVersion:   Dev-LoadTimes (C2A15278-BFE7-4AFE-6C17-90FF531DF755): 1
LogDevObjectVersion:   Private-Geometry (6EACA3D4-40EC-4CC1-B786-8BED09428FC5): 1
LogDevObjectVersion:   Dev-AnimPhys (29E575DD-E0A3-4627-9D10-D276232CDCEA): 3
LogInit: Compiled (64-bit): Jul 28 2017 11:49:47
LogInit: Compiled with Visual C++: 19.00.24215.01
LogInit: Build Configuration: Development
LogInit: Branch Name: ++UE4+Release-4.16
LogInit: Command line: -EpicPortal 
LogInit: Base directory: J:/Nowy folder/UE_4.16/Engine/Binaries/Win64/
LogInit: Installed Engine Build: 1
LogInit: Presizing for max 8388607 objects, including 0 objects not considered by GC, pre-allocating 0 bytes for permanent pool.
LogInit: Object subsystem initialized
[2017.09.02-12.41.23:918][  0]LogInit: Selected Device Profile: [Windows]
[2017.09.02-12.41.23:918][  0]LogInit: Applying CVar settings loaded from the selected device profile: [Windows]
[2017.09.02-12.41.23:928][  0]LogInit: Computer: ABU-PC
[2017.09.02-12.41.23:928][  0]LogInit: User: piotr
[2017.09.02-12.41.23:928][  0]LogInit: CPU Page size=4096, Cores=4
[2017.09.02-12.41.23:928][  0]LogInit: High frequency timer resolution =3.419108 MHz
[2017.09.02-12.41.23:928][  0]LogMemory: Memory total: Physical=15.0GB (15GB approx)
[2017.09.02-12.41.23:928][  0]LogMemory: Platform Memory Stats for Windows
[2017.09.02-12.41.23:928][  0]LogMemory: Process Physical Memory: 291.50 MB used, 291.50 MB peak
[2017.09.02-12.41.23:928][  0]LogMemory: Process Virtual Memory: 266.02 MB used, 266.02 MB peak
[2017.09.02-12.41.23:928][  0]LogMemory: Physical Memory: 7199.01 MB used,  8111.63 MB free, 15310.64 MB total
[2017.09.02-12.41.23:928][  0]LogMemory: Virtual Memory: 651.36 MB used,  8111.63 MB free, 134217728.00 MB total
[2017.09.02-12.41.24:045][  0]LogInit: Using OS detected language (pl-PL).
[2017.09.02-12.41.24:045][  0]LogInit: Using OS detected locale (pl-PL).
[2017.09.02-12.41.24:050][  0]LogTextLocalizationManager: No localization for 'pl-PL' exists, so 'en' will be used for the language.
[2017.09.02-12.41.24:050][  0]LogTextLocalizationManager: No localization for 'pl-PL' exists, so 'en' will be used for the locale.
[2017.09.02-12.41.25:032][  0]LogD3D11RHI: D3D11 adapters:
[2017.09.02-12.41.25:102][  0]LogD3D11RHI:    0. 'NVIDIA GeForce GTX 1070' (Feature Level 11_0)
[2017.09.02-12.41.25:102][  0]LogD3D11RHI:       8081/0/7655 MB DedicatedVideo/DedicatedSystem/SharedSystem, Outputs:1, VendorId:0x10de
[2017.09.02-12.41.25:110][  0]LogD3D11RHI:    1. 'Intel(R) HD Graphics 4000' (Feature Level 11_0)
[2017.09.02-12.41.25:110][  0]LogD3D11RHI:       992/0/800 MB DedicatedVideo/DedicatedSystem/SharedSystem, Outputs:0, VendorId:0x8086
[2017.09.02-12.41.25:116][  0]LogD3D11RHI:    2. 'Microsoft Basic Render Driver' (Feature Level 11_0)
[2017.09.02-12.41.25:116][  0]LogD3D11RHI:       0/0/7655 MB DedicatedVideo/DedicatedSystem/SharedSystem, Outputs:0, VendorId:0x1414
[2017.09.02-12.41.25:116][  0]LogD3D11RHI: Chosen D3D11 Adapter: 0
[2017.09.02-12.41.25:126][  0]LogD3D11RHI: Creating new Direct3DDevice
[2017.09.02-12.41.25:127][  0]LogD3D11RHI:     GPU DeviceId: 0x1b81 (for the marketing name, search the web for "GPU Device Id")
[2017.09.02-12.41.25:127][  0]LogWindows: EnumDisplayDevices:
[2017.09.02-12.41.25:127][  0]LogWindows:    0. 'NVIDIA GeForce GTX 1070' (P:1 D:1)
[2017.09.02-12.41.25:128][  0]LogWindows:    1. 'NVIDIA GeForce GTX 1070' (P:0 D:0)
[2017.09.02-12.41.25:129][  0]LogWindows:    2. 'NVIDIA GeForce GTX 1070' (P:0 D:0)
[2017.09.02-12.41.25:129][  0]LogWindows:    3. 'NVIDIA GeForce GTX 1070' (P:0 D:0)
[2017.09.02-12.41.25:130][  0]LogWindows:    4. 'Intel(R) HD Graphics 4000' (P:0 D:0)
[2017.09.02-12.41.25:131][  0]LogWindows:    5. 'Intel(R) HD Graphics 4000' (P:0 D:0)
[2017.09.02-12.41.25:132][  0]LogWindows:    6. 'Intel(R) HD Graphics 4000' (P:0 D:0)
[2017.09.02-12.41.25:133][  0]LogWindows:    7. 'LogMeIn Mirror Driver' (P:0 D:0)
[2017.09.02-12.41.25:133][  0]LogWindows: DebugString: PrimaryIsNotTheChoosenAdapter PrimaryIsNotTheChoosenAdapter PrimaryIsNotTheChoosenAdapter GetVideoDriverDetailsInvalid PrimaryIsNotTheChoosenAdapter FoundDriverCount:4 
[2017.09.02-12.41.25:133][  0]LogD3D11RHI:     Adapter Name: NVIDIA GeForce GTX 1070
[2017.09.02-12.41.25:133][  0]LogD3D11RHI:   Driver Version: 384.76 (internal:22.21.13.8476, unified:384.76)
[2017.09.02-12.41.25:133][  0]LogD3D11RHI:      Driver Date: 6-27-2017
[2017.09.02-12.41.25:133][  0]LogRHI: Texture pool is 1361 MB (70% of 1945 MB)
[2017.09.02-12.41.25:179][  0]LogD3D11RHI: Async texture creation enabled
[2017.09.02-12.41.25:190][  0]LogD3D11RHI: GPU Timing Frequency: 1000.000000 (Debug: 2 1)
[2017.09.02-12.41.25:243][  0]LogShaderCompilers: Guid format shader working directory is 1 characters bigger than the processId version (../../../../../Unreal Engine 4/Games/VivaLaVidaGame/Intermediate/Shaders/WorkingDirectory/15192/).
[2017.09.02-12.41.25:243][  0]LogShaderCompilers: Cleaned the shader compiler working directory 'C:/Users/piotr.ABU-PC/AppData/Local/Temp/UnrealShaderWorkingDir/3C802AD34D7ADA28F0FC218D6C66C4E1/'.
[2017.09.02-12.41.25:243][  0]LogShaderCompilers:Display: Using Local Shader Compiler.
[2017.09.02-12.41.26:446][  0]LogTemp:Display: Loaded TP AllDesktopTargetPlatform
[2017.09.02-12.41.26:497][  0]LogTemp:Display: Loaded TP MacClientTargetPlatform
[2017.09.02-12.41.26:548][  0]LogTemp:Display: Loaded TP MacNoEditorTargetPlatform
[2017.09.02-12.41.26:605][  0]LogTemp:Display: Loaded TP MacServerTargetPlatform
[2017.09.02-12.41.26:658][  0]LogTemp:Display: Loaded TP MacTargetPlatform
[2017.09.02-12.41.26:710][  0]LogTemp:Display: Loaded TP WindowsClientTargetPlatform
[2017.09.02-12.41.26:762][  0]LogTemp:Display: Loaded TP WindowsNoEditorTargetPlatform
[2017.09.02-12.41.26:812][  0]LogTemp:Display: Loaded TP WindowsServerTargetPlatform
[2017.09.02-12.41.26:857][  0]LogTemp:Display: Loaded TP WindowsTargetPlatform
[2017.09.02-12.41.26:909][  0]LogTemp:Display: Loaded TP AndroidTargetPlatform
[2017.09.02-12.41.26:962][  0]LogTemp:Display: Loaded TP Android_ASTCTargetPlatform
[2017.09.02-12.41.27:014][  0]LogTemp:Display: Loaded TP Android_ATCTargetPlatform
[2017.09.02-12.41.27:067][  0]LogTemp:Display: Loaded TP Android_DXTTargetPlatform
[2017.09.02-12.41.27:122][  0]LogTemp:Display: Loaded TP Android_ETC1TargetPlatform
[2017.09.02-12.41.27:190][  0]LogTemp:Display: Loaded TP Android_ETC2TargetPlatform
[2017.09.02-12.41.27:301][  0]LogTemp:Display: Loaded TP Android_MultiTargetPlatform
[2017.09.02-12.41.27:301][  0]LogTemp:Display: Loaded TP Android_PVRTCTargetPlatform
[2017.09.02-12.41.27:349][  0]LogTemp:Display: Loaded TP HTML5TargetPlatform
[2017.09.02-12.41.27:458][  0]LogTemp:Display: Loaded TP IOSTargetPlatform
[2017.09.02-12.41.27:492][  0]LogTemp:Display: Loaded TP TVOSTargetPlatform
[2017.09.02-12.41.27:544][  0]LogTemp:Display: Loaded TP LinuxClientTargetPlatform
[2017.09.02-12.41.27:596][  0]LogTemp:Display: Loaded TP LinuxNoEditorTargetPlatform
[2017.09.02-12.41.27:648][  0]LogTemp:Display: Loaded TP LinuxServerTargetPlatform
[2017.09.02-12.41.27:700][  0]LogTemp:Display: Loaded TP LinuxTargetPlatform
[2017.09.02-12.41.27:700][  0]LogTargetPlatformManager:Display: Building Assets For Windows
[2017.09.02-12.41.28:252][  0]LogDerivedDataCache:Display: Max Cache Size: 512 MB
[2017.09.02-12.41.28:334][  0]LogDerivedDataCache: Loaded boot cache 0.08s 90MB C:/Users/piotr.ABU-PC/AppData/Local/UnrealEngine/4.16/DerivedDataCache/Boot.ddc.
[2017.09.02-12.41.28:334][  0]LogDerivedDataCache:Display: Loaded Boot cache: C:/Users/piotr.ABU-PC/AppData/Local/UnrealEngine/4.16/DerivedDataCache/Boot.ddc
[2017.09.02-12.41.28:334][  0]LogDerivedDataCache: FDerivedDataBackendGraph:  Pak pak cache file ../../../../../Unreal Engine 4/Games/VivaLaVidaGame/DerivedDataCache/DDC.ddp not found, will not use a pak cache.
[2017.09.02-12.41.28:334][  0]LogDerivedDataCache: Unable to find inner node Pak for hierarchical cache Hierarchy.
[2017.09.02-12.41.28:334][  0]LogDerivedDataCache: FDerivedDataBackendGraph:  CompressedPak pak cache file ../../../../../Unreal Engine 4/Games/VivaLaVidaGame/DerivedDataCache/Compressed.ddp not found, will not use a pak cache.
[2017.09.02-12.41.28:334][  0]LogDerivedDataCache: Unable to find inner node CompressedPak for hierarchical cache Hierarchy.
[2017.09.02-12.41.28:349][  0]LogDerivedDataCache:Display: Pak cache opened for reading ../../../Engine/DerivedDataCache/Compressed.ddp.
[2017.09.02-12.41.28:362][  0]LogDerivedDataCache: Using Local data cache path C:/Users/piotr.ABU-PC/AppData/Local/UnrealEngine/Common/DerivedDataCache: Writable
[2017.09.02-12.41.28:373][  0]LogMaterial: Verifying Global Shaders for PCD3D_SM5
[2017.09.02-12.41.28:373][  0]LogSlate: Using Freetype 2.6.0
[2017.09.02-12.41.28:375][  0]LogSlate: SlateFontCache - WITH_FREETYPE: 1, WITH_HARFBUZZ: 1
[2017.09.02-12.41.28:375][  0]LogSlate: SlateFontCache - WITH_FREETYPE: 1, WITH_HARFBUZZ: 1
[2017.09.02-12.41.29:089][  0]LogInit: Selected Device Profile: [Windows]
[2017.09.02-12.41.29:154][  0]LogContentStreaming: Texture pool size is 0.00 MB
[2017.09.02-12.41.29:342][  0]LogMeshUtilities: Using QuadricMeshReduction for automatic static mesh reduction
[2017.09.02-12.41.29:393][  0]LogSimplygon: Simplygon DLL not present - disabling.
[2017.09.02-12.41.29:457][  0]LogMeshUtilities: Using SimplygonSwarm for distributed automatic mesh merging
[2017.09.02-12.41.29:457][  0]LogMeshUtilities: No automatic skeletal mesh reduction module available
[2017.09.02-12.41.29:457][  0]LogMeshUtilities: No automatic mesh merging module available
[2017.09.02-12.41.30:033][  0]LogNetVersion: VivaLaVidaGame , NetCL: 3452394, EngineNetVer: 2, GameNetVer: 0 (Checksum: 2095426878)
[2017.09.02-12.41.30:094][  0]LogAssetRegistry: FAssetRegistry took 0.0258 seconds to start up
[2017.09.02-12.41.30:139][  0]LogPackageLocalizationCache: Processed 4 localized package path(s) for 1 prioritized culture(s) in 0.019812 seconds
[2017.09.02-12.41.30:144][  0]LogUObjectArray: 34194 objects as part of root set at end of initial load.
[2017.09.02-12.41.30:144][  0]LogUObjectAllocator: 7260416 out of 0 bytes used by permanent object pool.
[2017.09.02-12.41.30:144][  0]LogUObjectArray: CloseDisregardForGC: 0/0 objects in disregard for GC pool
[2017.09.02-12.41.30:223][  0]LogInit: WinSock: version 1.1 (2.2), MaxSocks=32767, MaxUdp=65467
[2017.09.02-12.41.32:885][  0]LogTcpMessaging: Initializing TcpMessaging bridge
[2017.09.02-12.41.32:936][  0]LogUdpMessaging: Initializing bridge on interface 0.0.0.0:0 to multicast group 230.0.0.1:6666.
[2017.09.02-12.41.33:502][  0]LogMaterial: Uniform references updated for custom material expression Custom.
[2017.09.02-12.41.33:950][  0]SourceControl: Info Source control is disabled
[2017.09.02-12.41.33:955][  0]SourceControl: Info Source control is disabled
[2017.09.02-12.41.34:009][  0]SourceControl: Info Source control is disabled
[2017.09.02-12.41.34:066][  0]SourceControl: Info Source control is disabled
[2017.09.02-12.41.34:891][  0]LogAndroidPermission: UAndroidPermissionCallbackProxy::GetInstance
[2017.09.02-12.41.35:553][  0]LogEngine: Initializing Engine...
[2017.09.02-12.41.35:555][  0]LogHMD: Failed to initialize OpenVR with code 110
[2017.09.02-12.41.35:741][  0]LogStats: UGameplayTagsManager::ConstructGameplayTagTree: Construct from data asset -  0.000 s
[2017.09.02-12.41.35:741][  0]LogStats: UGameplayTagsManager::ConstructGameplayTagTree: GameplayTagTreeChangedEvent.Broadcast -  0.000 s
[2017.09.02-12.41.35:866][  0]LogAIModule: Creating AISystem for world Untitled
[2017.09.02-12.41.35:920][  0]LogInit: XAudio2 using 'Roccat Kave XTD 5.1 Digital (KAVE XTD Headset)' : 6 channels at 48 kHz using 16 bits per sample (channel mask 0x3f)
[2017.09.02-12.41.35:956][  0]LogInit: FAudioDevice initialized.
[2017.09.02-12.41.36:000][  0]LogDerivedDataCache: Saved boot cache 0.04s 90MB C:/Users/piotr.ABU-PC/AppData/Local/UnrealEngine/4.16/DerivedDataCache/Boot.ddc.
[2017.09.02-12.41.36:009][  0]LogInit: Texture streaming: Enabled
[2017.09.02-12.41.36:103][  0]LogEngineSessionManager: EngineSessionManager initialized
[2017.09.02-12.41.36:324][  0]LogInit: Transaction tracking system initialized
[2017.09.02-12.41.36:648][  0]BlueprintLog: New page: Editor Load
[2017.09.02-12.41.37:650][  0]LocalizationService: Info Localization service is disabled
[2017.09.02-12.41.38:362][  0]LogConsoleResponse:Display: 
[2017.09.02-12.41.38:500][  0]LogFileCache: Scanning file cache for directory 'J:/Unreal Engine 4/Games/VivaLaVidaGame/Content/' took 0.01s
[2017.09.02-12.41.38:500][  0]LogCook:Display: Max memory allowance for cook 16384mb min free memory 0mb
[2017.09.02-12.41.38:500][  0]LogCook:Display: Mobile HDR setting 1
[2017.09.02-12.41.39:718][  0]SourceControl: Info Source control is disabled
[2017.09.02-12.41.39:718][  0]Cmd: MAP LOAD FILE="../../../Engine/Content/Maps/Templates/Template_Default.umap" TEMPLATE=1 SHOWPROGRESS=1 FEATURELEVEL=3
[2017.09.02-12.41.39:719][  0]LightingResults: New page: Lighting Build
[2017.09.02-12.41.39:777][  0]MapCheck: New page: Map Check
[2017.09.02-12.41.39:777][  0]LightingResults: New page: Lighting Build
[2017.09.02-12.41.40:018][  0]LogAIModule: Creating AISystem for world Untitled_1
[2017.09.02-12.41.40:018][  0]LogActorComponent: RegisterComponentWithWorld: (/Temp/Untitled_1.Untitled_1:PersistentLevel.WorldSettings_1.StaticMeshComponent0) Trying to register component with IsPendingKill() == true. Aborting.
[2017.09.02-12.41.40:022][  0]LogEditorServer: Finished looking for orphan Actors (0.000 secs)
[2017.09.02-12.41.40:037][  0]Cmd: MAP CHECKDEP NOCLEARLOG
[2017.09.02-12.41.40:099][  0]MapCheck: Info Map check complete: 0 Error(s), 0 Warning(s), took 61.711ms to complete.
[2017.09.02-12.41.40:099][  0]LogFileHelpers: Loading map 'Template_Default' took 0.381
[2017.09.02-12.41.40:242][  0]LogCollectionManager: Loaded 0 collections in 0.002034 seconds
[2017.09.02-12.41.40:324][  0]LogFileCache: Scanning file cache for directory 'J:/Unreal Engine 4/Games/VivaLaVidaGame/Saved/Collections/' took 0.01s
[2017.09.02-12.41.40:324][  0]LogFileCache: Scanning file cache for directory 'J:/Unreal Engine 4/Games/VivaLaVidaGame/Content/Developers/piotr/Collections/' took 0.01s
[2017.09.02-12.41.40:324][  0]LogFileCache: Scanning file cache for directory 'J:/Unreal Engine 4/Games/VivaLaVidaGame/Content/Collections/' took 0.01s
[2017.09.02-12.41.40:324][  0]LogCollectionManager: Rebuilt the GUID cache for 0 collections in 0.000001 seconds
[2017.09.02-12.41.40:333][  0]LogContentBrowser: Native class hierarchy populated in 0.0090 seconds. Added 2329 classes and 491 folders.
[2017.09.02-12.41.40:397][  0]LogContentBrowser: Native class hierarchy updated for 'WidgetCarousel' in 0.0007 seconds. Added 0 classes and 0 folders.
[2017.09.02-12.41.40:464][  0]LogContentBrowser: Native class hierarchy updated for 'AddContentDialog' in 0.0007 seconds. Added 0 classes and 0 folders.
[2017.09.02-12.41.40:515][  0]LogContentBrowser: Native class hierarchy updated for 'SceneOutliner' in 0.0008 seconds. Added 1 classes and 2 folders.
[2017.09.02-12.41.40:554][  0]LogCrashTracker: Crashtracker disabled due to settings.
[2017.09.02-12.41.40:560][  0]LogSlate: Took 0.000283 seconds to synchronously load lazily loaded font '../../../Engine/Content/Slate/Fonts/Roboto-Regular.ttf' (155K)
[2017.09.02-12.41.40:563][  0]LogSlate: Took 0.000292 seconds to synchronously load lazily loaded font '../../../Engine/Content/Slate/Fonts/Roboto-Bold.ttf' (160K)
[2017.09.02-12.41.40:569][  0]LogSlate: Took 0.000349 seconds to synchronously load lazily loaded font '../../../Engine/Content/Editor/Slate/Fonts/FontAwesome.ttf' (139K)
[2017.09.02-12.41.40:669][  0]LogRenderer: Reallocating scene render targets to support 1208x652 NumSamples 1 (Frame:1).
[2017.09.02-12.41.40:778][  0]LogUObjectGlobals:Warning: Failed to find object 'Class None.'
[2017.09.02-12.41.40:865][  0]LogContentBrowser: Native class hierarchy updated for 'HierarchicalLODOutliner' in 0.0007 seconds. Added 1 classes and 2 folders.
[2017.09.02-12.41.40:866][  0]LogLoad: (Engine Initialization) Total time: 19.09 seconds
[2017.09.02-12.41.40:866][  0]LogLoad: (Engine Initialization) Total Blueprint compile time: 0.10 seconds
[2017.09.02-12.41.40:866][  0]LogExternalProfiler: No external profilers were discovered.  External profiling features will not be available.
[2017.09.02-12.41.41:205][  0]LogOcInput: OculusInput pre-init called
[2017.09.02-12.41.41:205][  0]LogHMD: Starting GearVRController plugin
[2017.09.02-12.41.41:222][  0]LogAssetRegistry: Asset discovery search completed in 11.1507 seconds
[2017.09.02-12.41.41:224][  0]LogCollectionManager: Rebuilt the object cache for 0 collections in 0.000001 seconds (found 0 objects)
[2017.09.02-12.41.41:224][  0]LogCollectionManager: Fixed up redirectors for 0 collections in 0.000027 seconds (updated 0 objects)
[2017.09.02-12.41.41:225][  0]LogContentStreaming: Texture pool size now 1000 MB
